{
  "RSpec": {
    "coverage": {
      "C:/Users/RussOnRails/Desktop/playground/our_order_online/lib/our_order_online/lib/our_order_online/engine.rb": [
        1,
        1,
        1,
        null,
        1,
        0,
        null,
        null,
        1,
        1,
        0,
        null,
        null,
        null,
        null
      ],
      "C:/Users/RussOnRails/Desktop/playground/our_order_online/lib/our_order_online/lib/our_order_online/version.rb": [
        1,
        1,
        1,
        1,
        1,
        null,
        1,
        null,
        null
      ],
      "C:/Users/RussOnRails/Desktop/playground/our_order_online/lib/our_order_online/lib/our_order_online.rb": [
        1,
        1,
        null,
        1,
        null
      ],
      "C:/Users/RussOnRails/Desktop/playground/our_order_online/lib/our_order_online/app/controllers/our_order_online/base_controller.rb": [
        1,
        1,
        null,
        null,
        1,
        0,
        null,
        0,
        null,
        null,
        1,
        0,
        0,
        null,
        0,
        0,
        null,
        0,
        null,
        null,
        null,
        1,
        1,
        0,
        null,
        null,
        1,
        0,
        0,
        0,
        null,
        0,
        null,
        null,
        0,
        null,
        null,
        null,
        null,
        null
      ]
    },
    "timestamp": 1342888274
  }
}
